0 info it worked if it ends with ok
1 verbose cli [ 'node', '/usr/local/bin/npm', 'run', 'test' ]
2 info using npm@1.4.28
3 info using node@v0.10.35
4 verbose run-script [ 'pretest', 'test', 'posttest' ]
5 info pretest json-native@0.0.1
6 info test json-native@0.0.1
7 verbose unsafe-perm in lifecycle true
8 info json-native@0.0.1 Failed to exec test script
9 error json-native@0.0.1 test: `jshint . && tape test/*.js`
9 error Exit status 2
10 error Failed at the json-native@0.0.1 test script.
10 error This is most likely a problem with the json-native package,
10 error not with npm itself.
10 error Tell the author that this fails on your system:
10 error     jshint . && tape test/*.js
10 error You can get their info via:
10 error     npm owner ls json-native
10 error There is likely additional logging output above.
11 error System Darwin 12.5.0
12 error command "node" "/usr/local/bin/npm" "run" "test"
13 error cwd /Users/dhayes/Sites/json-native
14 error node -v v0.10.35
15 error npm -v 1.4.28
16 error code ELIFECYCLE
17 verbose exit [ 1, true ]
